Updating b2d31ff..f9932c9
Fast-forward
 README.md                                                   |   4 +++-
 ...personal_kit_checklist.pdf => personal_kit_checklist.pdf | Bin
 2 files changed, 3 insertions(+), 1 deletion(-)
 rename Docs/personal_kit_checklist.pdf => personal_kit_checklist.pdf (100%)
Already up-to-date.
SRCF Auto Commit Wed  9 May 17:00:01 BST 2018
Already up-to-date.
[master 70c78c1] SRCF Auto Commit Wed  9 May 17:00:08 BST 2018
 Committer: Thomas Crossley <tcac2@pip.srcf.societies.cam.ac.uk>
Your name and email address were configured automatically based
on your username and hostname. Please check that they are accurate.
You can suppress this message by setting them explicitly. Run the
following command and follow the instructions in your editor to edit
your configuration file:

    git config --global --edit

After doing this, you may fix the identity used for this commit with:

    git commit --amend --reset-author

 1 file changed, 2 insertions(+)
SRCF Auto Commit Wed  9 May 18:00:01 BST 2018
Already up-to-date.
[master b6a884d] SRCF Auto Commit Wed  9 May 18:00:07 BST 2018
 Committer: Thomas Crossley <tcac2@pip.srcf.societies.cam.ac.uk>
Your name and e-mail address were configured automatically, based
on your username and hostname. Please check that they are accurate.
You can suppress this message by setting them explicitly:

    git config --global user.name "Your Name"
    git config --global user.email you@example.com

After doing this, you may fix the identity used for this commit with:

    git commit --amend --reset-author

 1 file changed, 17 insertions(+)

*****
SRCF Auto Commit Wed  9 May 18:07:45 BST 2018
Already up-to-date.
[master cbafa5f] SRCF Auto Commit Wed  9 May 18:07:47 BST 2018
 Committer: Thomas Crossley <tcac2@pip.srcf.societies.cam.ac.uk>
Your name and e-mail address were configured automatically, based
on your username and hostname. Please check that they are accurate.
You can suppress this message by setting them explicitly:

    git config --global user.name "Your Name"
    git config --global user.email you@example.com

After doing this, you may fix the identity used for this commit with:

    git commit --amend --reset-author

 1 file changed, 18 insertions(+)
*****

*****
SRCF Auto Commit Wed  9 May 18:09:51 BST 2018
Already up-to-date.
